<?xml version="1.0" encoding="UTF-8"?>
<!-- Generated by org.testng.reporters.JUnitReportReporter -->
<testsuite skipped="0" hostname="DESKTOP-AGPO435" name="CrossBrowser_MobileDeTests.MobileDe_LoginTest" tests="6" failures="0" timestamp="04 Apr 2018 19:01:58 GMT" time="13.004" errors="0">
  <testcase name="verifyStartPage" time="0.120" classname="CrossBrowser_MobileDeTests.MobileDe_LoginTest"/>
  <testcase name="verifyStartPage" time="0.025" classname="CrossBrowser_MobileDeTests.MobileDe_LoginTest"/>
  <testcase name="verifyStartPage" time="0.121" classname="CrossBrowser_MobileDeTests.MobileDe_LoginTest"/>
  <testcase name="verifyLogin" time="4.270" classname="CrossBrowser_MobileDeTests.MobileDe_LoginTest"/>
  <testcase name="verifyLogin" time="3.199" classname="CrossBrowser_MobileDeTests.MobileDe_LoginTest"/>
  <testcase name="verifyLogin" time="5.269" classname="CrossBrowser_MobileDeTests.MobileDe_LoginTest"/>
</testsuite> <!-- CrossBrowser_MobileDeTests.MobileDe_LoginTest -->
