<?xml version="1.0" encoding="UTF-8"?>
<!-- Generated by org.testng.reporters.JUnitReportReporter -->
<testsuite skipped="0" hostname="DESKTOP-AGPO435" name="CrossBrowser_DBSE_Tests.FirstTests" tests="1" failures="0" timestamp="26 MÃ¤r 2018 21:11:47 GMT" time="0.213" errors="0">
  <testcase name="test" time="0.213" classname="CrossBrowser_DBSE_Tests.FirstTests"/>
</testsuite> <!-- CrossBrowser_DBSE_Tests.FirstTests -->
