<?xml version="1.0" encoding="UTF-8"?>
<!-- Generated by org.testng.reporters.JUnitReportReporter -->
<testsuite skipped="0" hostname="DESKTOP-AGPO435" name="CrossBrowser_FuPaTests.FirstTests" tests="1" failures="0" timestamp="28 MÃ¤r 2018 19:00:21 GMT" time="3.116" errors="0">
  <testcase name="test" time="3.116" classname="CrossBrowser_FuPaTests.FirstTests"/>
</testsuite> <!-- CrossBrowser_FuPaTests.FirstTests -->
