<?xml version="1.0" encoding="UTF-8"?>
<!-- Generated by org.testng.reporters.JUnitReportReporter -->
<testsuite skipped="0" hostname="DESKTOP-AGPO435" name="CrossBrowser_LieferandoTests.Lieferando_StartPageTest" tests="1" failures="0" timestamp="29 MÃ¤r 2018 11:47:56 GMT" time="3.804" errors="0">
  <testcase name="verifyStartPage" time="3.804" classname="CrossBrowser_LieferandoTests.Lieferando_StartPageTest"/>
</testsuite> <!-- CrossBrowser_LieferandoTests.Lieferando_StartPageTest -->
