<?xml version="1.0" encoding="UTF-8"?>
<!-- Generated by org.testng.reporters.JUnitReportReporter -->
<testsuite skipped="0" hostname="DESKTOP-AGPO435" name="CrossBrowser_FuPaTests.FuPa_StartPageTest" tests="1" failures="0" timestamp="29 MÃ¤r 2018 07:58:36 GMT" time="1.807" errors="0">
  <testcase name="verifyStartPage" time="1.807" classname="CrossBrowser_FuPaTests.FuPa_StartPageTest"/>
</testsuite> <!-- CrossBrowser_FuPaTests.FuPa_StartPageTest -->
